0 info it worked if it ends with ok
1 verbose cli [ 'C:\\Program Files\\nodejs\\node.exe',
1 verbose cli   'C:\\ProgramData\\Chocolatey\\lib\\npm\\tools\\node_modules\\npm\\bin\\npm-cli.js',
1 verbose cli   'run',
1 verbose cli   'server' ]
2 info using npm@1.4.9
3 info using node@v7.5.0
4 verbose run-script [ 'preserver', 'server', 'postserver' ]
5 info preserver intro@0.0.0
6 info server intro@0.0.0
7 verbose unsafe-perm in lifecycle true
8 info intro@0.0.0 Failed to exec server script
9 error intro@0.0.0 server: `babel-node server/index.js`
9 error Exit status 1
10 error Failed at the intro@0.0.0 server script.
10 error This is most likely a problem with the intro package,
10 error not with npm itself.
10 error Tell the author that this fails on your system:
10 error     babel-node server/index.js
10 error You can get their info via:
10 error     npm owner ls intro
10 error There is likely additional logging output above.
11 error System Windows_NT 10.0.14393
12 error command "C:\\Program Files\\nodejs\\node.exe" "C:\\ProgramData\\Chocolatey\\lib\\npm\\tools\\node_modules\\npm\\bin\\npm-cli.js" "run" "server"
13 error cwd C:\dev\react\intro
14 error node -v v7.5.0
15 error npm -v 1.4.9
16 error code ELIFECYCLE
17 verbose exit [ 1, true ]
